[debug] [2019-08-10T03:10:34.275Z] ----------------------------------------------------------------------
[debug] [2019-08-10T03:10:34.280Z] Command:       /usr/local/Cellar/node/12.3.1/bin/node /usr/local/bin/firebase deploy
[debug] [2019-08-10T03:10:34.280Z] CLI Version:   7.2.2
[debug] [2019-08-10T03:10:34.281Z] Platform:      darwin
[debug] [2019-08-10T03:10:34.281Z] Node Version:  v12.3.1
[debug] [2019-08-10T03:10:34.283Z] Time:          Fri Aug 09 2019 23:10:34 GMT-0400 (Eastern Daylight Time)
[debug] [2019-08-10T03:10:34.283Z] ----------------------------------------------------------------------
[debug] 
[debug] [2019-08-10T03:10:34.298Z] > command requires scopes: ["email","openid","https://www.googleapis.com/auth/cloudplatformprojects.readonly","https://www.googleapis.com/auth/firebase","https://www.googleapis.com/auth/cloud-platform"]
[debug] [2019-08-10T03:10:34.299Z] > authorizing via signed-in user
[debug] [2019-08-10T03:10:34.299Z] [iam] checking project juggernaut-s-revenge for permissions ["firebase.projects.get","firebasehosting.sites.update"]
[debug] [2019-08-10T03:10:34.302Z] >>> HTTP REQUEST POST https://cloudresourcemanager.googleapis.com/v1/projects/juggernaut-s-revenge:testIamPermissions  

[debug] [2019-08-10T03:10:34.655Z] <<< HTTP RESPONSE 200
[debug] [2019-08-10T03:10:34.659Z] >>> HTTP REQUEST GET https://firebase.googleapis.com/v1beta1/projects/juggernaut-s-revenge  
 
[debug] [2019-08-10T03:10:34.920Z] <<< HTTP RESPONSE 200
[info] 
[info] === Deploying to 'juggernaut-s-revenge'...
[info] 
[info] i  deploying hosting
[debug] [2019-08-10T03:10:34.927Z] >>> HTTP REQUEST POST https://firebasehosting.googleapis.com/v1beta1/sites/juggernaut-s-revenge/versions  

[debug] [2019-08-10T03:10:35.872Z] <<< HTTP RESPONSE 200
[info] i  hosting[juggernaut-s-revenge]: beginning deploy...
[info] i  hosting[juggernaut-s-revenge]: found 17 files in dist
[debug] [2019-08-10T03:10:35.899Z] [hosting] hash cache [ZGlzdA] load error: lines is not defined
[debug] [2019-08-10T03:10:36.588Z] [hosting] hash cache [ZGlzdA] stored for 17 files
[debug] [2019-08-10T03:10:36.589Z] [hosting][hash queue][FINAL]
[debug] [2019-08-10T03:10:36.589Z] >>> HTTP REQUEST POST https://firebasehosting.googleapis.com/v1beta1/sites/juggernaut-s-revenge/versions/f34bca4a35a3c2ea:populateFiles  
 <request body omitted>
